[debug] [2024-04-11T17:35:36.615Z] ----------------------------------------------------------------------
[debug] [2024-04-11T17:35:36.617Z] Command:       C:\Program Files\nodejs\node.exe C:\Program Files\nodejs\node_modules\firebase-tools\lib\bin\firebase.js init
[debug] [2024-04-11T17:35:36.617Z] CLI Version:   13.7.1
[debug] [2024-04-11T17:35:36.618Z] Platform:      win32
[debug] [2024-04-11T17:35:36.618Z] Node Version:  v18.19.0
[debug] [2024-04-11T17:35:36.619Z] Time:          Thu Apr 11 2024 19:35:36 GMT+0200 (South Africa Standard Time)
[debug] [2024-04-11T17:35:36.619Z] ----------------------------------------------------------------------
[debug] 
[debug] [2024-04-11T17:35:36.621Z] >>> [apiv2][query] GET https://firebase-public.firebaseio.com/cli.json [none]
[debug] [2024-04-11T17:35:36.728Z] > command requires scopes: ["email","openid","https://www.googleapis.com/auth/cloudplatformprojects.readonly","https://www.googleapis.com/auth/firebase","https://www.googleapis.com/auth/cloud-platform"]
[debug] [2024-04-11T17:35:36.728Z] > authorizing via signed-in user (thapeloghothini@gmail.com)
[info] 
     ######## #### ########  ######## ########     ###     ######  ########
     ##        ##  ##     ## ##       ##     ##  ##   ##  ##       ##
     ######    ##  ########  ######   ########  #########  ######  ######
     ##        ##  ##    ##  ##       ##     ## ##     ##       ## ##
     ##       #### ##     ## ######## ########  ##     ##  ######  ########

You're about to initialize a Firebase project in this directory:

  C:\Users\User\Desktop\MARCH\portfolio

Before we get started, keep in mind:

  * You are initializing within an existing Firebase project directory

[debug] [2024-04-11T17:35:37.311Z] <<< [apiv2][status] GET https://firebase-public.firebaseio.com/cli.json 200
[debug] [2024-04-11T17:35:37.311Z] <<< [apiv2][body] GET https://firebase-public.firebaseio.com/cli.json {"cloudBuildErrorAfter":1594252800000,"cloudBuildWarnAfter":1590019200000,"defaultNode10After":1594252800000,"minVersion":"3.0.5","node8DeploysDisabledAfter":1613390400000,"node8RuntimeDisabledAfter":1615809600000,"node8WarnAfter":1600128000000}
[info] 
=== Project Setup
[info] 
[info] First, let's associate this project directory with a Firebase project.
[info] You can create multiple project aliases by running firebase use --add, 
[info] but for now we'll just set up a default project.
[info] 
[debug] [2024-04-11T17:35:41.897Z] Using project from CLI flag: portfolio-d1b4c
[debug] [2024-04-11T17:35:41.897Z] > refreshing access token with scopes: []
[debug] [2024-04-11T17:35:41.898Z] >>> [apiv2][query] POST https://www.googleapis.com/oauth2/v3/token [none]
[debug] [2024-04-11T17:35:41.898Z] >>> [apiv2][body] POST https://www.googleapis.com/oauth2/v3/token [omitted]
[debug] [2024-04-11T17:35:42.422Z] <<< [apiv2][status] POST https://www.googleapis.com/oauth2/v3/token 200
[debug] [2024-04-11T17:35:42.422Z] <<< [apiv2][body] POST https://www.googleapis.com/oauth2/v3/token [omitted]
[debug] [2024-04-11T17:35:42.431Z] >>> [apiv2][query] GET https://firebase.googleapis.com/v1beta1/projects/portfolio-d1b4c [none]
[debug] [2024-04-11T17:35:43.034Z] <<< [apiv2][status] GET https://firebase.googleapis.com/v1beta1/projects/portfolio-d1b4c 200
[debug] [2024-04-11T17:35:43.035Z] <<< [apiv2][body] GET https://firebase.googleapis.com/v1beta1/projects/portfolio-d1b4c {"projectId":"portfolio-d1b4c","projectNumber":"1068958288818","displayName":"Portfolio","name":"projects/portfolio-d1b4c","resources":{"hostingSite":"portfolio-d1b4c"},"state":"ACTIVE","etag":"1_6754b492-799f-4525-a88b-8c56f02a0418"}
[info] i  Using project portfolio-d1b4c (Portfolio) 
[info] 
=== Hosting Setup
[debug] [2024-04-11T17:35:43.041Z] >>> [apiv2][query] GET https://firebase.googleapis.com/v1beta1/projects/portfolio-d1b4c [none]
[debug] [2024-04-11T17:35:43.632Z] <<< [apiv2][status] GET https://firebase.googleapis.com/v1beta1/projects/portfolio-d1b4c 200
[debug] [2024-04-11T17:35:43.632Z] <<< [apiv2][body] GET https://firebase.googleapis.com/v1beta1/projects/portfolio-d1b4c {"projectId":"portfolio-d1b4c","projectNumber":"1068958288818","displayName":"Portfolio","name":"projects/portfolio-d1b4c","resources":{"hostingSite":"portfolio-d1b4c"},"state":"ACTIVE","etag":"1_6754b492-799f-4525-a88b-8c56f02a0418"}
[info] 
[info] Your public directory is the folder (relative to your project directory) that
[info] will contain Hosting assets to be uploaded with firebase deploy. If you
[info] have a build process for your assets, use your build's output directory.
[info] 
